[INFO ] 2021-08-05 00:00:10.399 [main] Log - Setting up the chrome browser
[INFO ] 2021-08-05 00:00:10.801 [main] Log - launching chrome driver
[INFO ] 2021-08-05 00:00:13.803 [main] Log - Internet is connected
[INFO ] 2021-08-05 00:00:13.803 [main] Log - Navigate to url : https://www.bookswagon.com/ 
[INFO ] 2021-08-05 00:00:17.650 [main] Log - maximizing the browser window
[INFO ] 2021-08-05 00:00:22.808 [main] Log - search_book_testTest is starting
[INFO ] 2021-08-05 00:00:22.899 [main] Log - Clicking on search bar
[INFO ] 2021-08-05 00:00:23.969 [main] Log - sending book name in search bar
[INFO ] 2021-08-05 00:00:26.029 [main] Log - Selecting on book
[INFO ] 2021-08-05 00:00:38.450 [main] Log - Adding book to wishlist
[INFO ] 2021-08-05 00:00:45.189 [main] Log - Checking title actual and expected
[INFO ] 2021-08-05 00:00:45.528 [main] Log - Test is passed
[INFO ] 2021-08-05 00:00:46.879 [main] Log - buy_book_testTest is starting
[INFO ] 2021-08-05 00:00:46.884 [main] Log - Clicking on search bar
[INFO ] 2021-08-05 00:00:47.957 [main] Log - Enter book name
[INFO ] 2021-08-05 00:01:01.969 [main] Log - Clicking on buy now
[INFO ] 2021-08-05 00:01:05.143 [main] Log - Switching to frame
[INFO ] 2021-08-05 00:01:05.727 [main] Log - Adding quantity of books
[INFO ] 2021-08-05 00:01:07.469 [main] Log - clicking on place order
[INFO ] 2021-08-05 00:01:08.207 [main] Log - Switching to parent frame
[INFO ] 2021-08-05 00:01:10.861 [main] Log - Enter address details
[WARN ] 2021-08-05 00:01:23.003 [main] Log - Test is failed
[INFO ] 2021-08-05 00:01:23.202 [main] Log - login_testTest is starting
[INFO ] 2021-08-05 00:01:23.206 [main] Log - Clicking on login button
[WARN ] 2021-08-05 00:01:23.493 [main] Log - Test is failed
[INFO ] 2021-08-05 00:01:23.752 [main] Log - add_to_wishlist_testTest is starting
[INFO ] 2021-08-05 00:01:23.757 [main] Log - Clicking on home button
[WARN ] 2021-08-05 00:01:24.018 [main] Log - Test is failed
[INFO ] 2021-08-05 00:01:24.318 [main] Log - remove_book_testTest is starting
[INFO ] 2021-08-05 00:01:24.321 [main] Log - Clicking on cart
[WARN ] 2021-08-05 00:01:24.515 [main] Log - Test is failed
[INFO ] 2021-08-05 00:01:24.794 [main] Log - logout_testTest is starting
[INFO ] 2021-08-05 00:01:24.805 [main] Log - Mouse hovering on my account menu
[INFO ] 2021-08-05 00:01:25.111 [main] Log - mouse hovering on logout sub menu
[WARN ] 2021-08-05 00:01:25.411 [main] Log - Test is failed
[INFO ] 2021-08-05 00:01:25.746 [main] Log - login_negative_testTest is starting
[INFO ] 2021-08-05 00:01:25.751 [main] Log - Clicking on login button
[WARN ] 2021-08-05 00:01:26.125 [main] Log - Test is failed
[INFO ] 2021-08-05 00:01:26.406 [main] Log - Sending report on email
[INFO ] 2021-08-05 00:01:32.031 [main] Log - closing the browser after test is completed.
[INFO ] 2021-08-05 00:01:32.860 [main] Log - C:/Users/irg/IdeaProjects/BooksWagon_Project/src/testTest is finished
[INFO ] 2021-08-05 00:01:43.925 [main] Log - Setting up the chrome browser
[INFO ] 2021-08-05 00:01:44.395 [main] Log - launching chrome driver
[INFO ] 2021-08-05 00:01:47.275 [main] Log - Internet is connected
[INFO ] 2021-08-05 00:01:47.284 [main] Log - Navigate to url : https://www.bookswagon.com/ 
[INFO ] 2021-08-05 00:01:50.509 [main] Log - maximizing the browser window
[INFO ] 2021-08-05 00:01:55.655 [main] Log - search_book_testTest is starting
[INFO ] 2021-08-05 00:01:55.737 [main] Log - Clicking on search bar
[INFO ] 2021-08-05 00:01:56.815 [main] Log - sending book name in search bar
[INFO ] 2021-08-05 00:01:58.877 [main] Log - Selecting on book
[INFO ] 2021-08-05 00:02:11.277 [main] Log - Adding book to wishlist
[INFO ] 2021-08-05 00:02:18.527 [main] Log - Checking title actual and expected
[INFO ] 2021-08-05 00:02:18.838 [main] Log - Test is passed
[INFO ] 2021-08-05 00:02:20.638 [main] Log - buy_book_testTest is starting
[INFO ] 2021-08-05 00:02:20.655 [main] Log - Clicking on search bar
[INFO ] 2021-08-05 00:02:21.779 [main] Log - Enter book name
[INFO ] 2021-08-05 00:02:35.778 [main] Log - Clicking on buy now
[INFO ] 2021-08-05 00:02:38.982 [main] Log - Switching to frame
[INFO ] 2021-08-05 00:02:39.527 [main] Log - Adding quantity of books
[INFO ] 2021-08-05 00:02:41.242 [main] Log - clicking on place order
[INFO ] 2021-08-05 00:02:41.968 [main] Log - Switching to parent frame
[INFO ] 2021-08-05 00:02:44.579 [main] Log - Enter address details
[WARN ] 2021-08-05 00:02:50.317 [main] Log - Test is failed
[INFO ] 2021-08-05 00:02:50.568 [main] Log - login_testTest is starting
[INFO ] 2021-08-05 00:02:50.573 [main] Log - Clicking on login button
[WARN ] 2021-08-05 00:02:50.823 [main] Log - Test is failed
[INFO ] 2021-08-05 00:02:51.025 [main] Log - add_to_wishlist_testTest is starting
[INFO ] 2021-08-05 00:02:51.029 [main] Log - Clicking on home button
[WARN ] 2021-08-05 00:02:51.263 [main] Log - Test is failed
[INFO ] 2021-08-05 00:02:51.537 [main] Log - remove_book_testTest is starting
[INFO ] 2021-08-05 00:02:51.542 [main] Log - Clicking on cart
[WARN ] 2021-08-05 00:02:51.779 [main] Log - Test is failed
[INFO ] 2021-08-05 00:02:52.005 [main] Log - logout_testTest is starting
[INFO ] 2021-08-05 00:02:52.006 [main] Log - Mouse hovering on my account menu
[INFO ] 2021-08-05 00:02:52.332 [main] Log - mouse hovering on logout sub menu
[WARN ] 2021-08-05 00:02:52.613 [main] Log - Test is failed
[INFO ] 2021-08-05 00:02:52.866 [main] Log - login_negative_testTest is starting
[INFO ] 2021-08-05 00:02:52.873 [main] Log - Clicking on login button
[WARN ] 2021-08-05 00:02:53.087 [main] Log - Test is failed
[INFO ] 2021-08-05 00:02:53.297 [main] Log - Sending report on email
[INFO ] 2021-08-05 00:02:58.867 [main] Log - closing the browser after test is completed.
[INFO ] 2021-08-05 00:02:59.651 [main] Log - C:/Users/irg/IdeaProjects/BooksWagon_Project/src/testTest is finished
[INFO ] 2021-08-05 00:03:42.260 [main] Log - Setting up the chrome browser
[INFO ] 2021-08-05 00:03:42.551 [main] Log - launching chrome driver
[INFO ] 2021-08-05 00:03:45.050 [main] Log - Internet is connected
[INFO ] 2021-08-05 00:03:45.050 [main] Log - Navigate to url : https://www.bookswagon.com/ 
[INFO ] 2021-08-05 00:03:48.587 [main] Log - maximizing the browser window
[INFO ] 2021-08-05 00:03:53.739 [main] Log - search_book_testTest is starting
[INFO ] 2021-08-05 00:03:53.798 [main] Log - Clicking on search bar
[INFO ] 2021-08-05 00:03:54.863 [main] Log - sending book name in search bar
[INFO ] 2021-08-05 00:03:56.927 [main] Log - Selecting on book
[INFO ] 2021-08-05 00:04:09.237 [main] Log - Adding book to wishlist
[INFO ] 2021-08-05 00:04:16.172 [main] Log - Checking title actual and expected
[INFO ] 2021-08-05 00:04:16.491 [main] Log - Test is passed
[INFO ] 2021-08-05 00:04:18.324 [main] Log - buy_book_testTest is starting
[INFO ] 2021-08-05 00:04:18.334 [main] Log - Clicking on search bar
[INFO ] 2021-08-05 00:04:19.454 [main] Log - Enter book name
[INFO ] 2021-08-05 00:04:34.148 [main] Log - Clicking on buy now
[INFO ] 2021-08-05 00:04:37.292 [main] Log - Switching to frame
[INFO ] 2021-08-05 00:04:37.847 [main] Log - Adding quantity of books
[INFO ] 2021-08-05 00:04:39.566 [main] Log - clicking on place order
[INFO ] 2021-08-05 00:04:40.278 [main] Log - Switching to parent frame
[INFO ] 2021-08-05 00:04:42.295 [main] Log - Enter address details
[WARN ] 2021-08-05 00:04:47.602 [main] Log - Test is failed
[INFO ] 2021-08-05 00:04:47.850 [main] Log - login_testTest is starting
[INFO ] 2021-08-05 00:04:47.857 [main] Log - Clicking on login button
[WARN ] 2021-08-05 00:04:48.099 [main] Log - Test is failed
[INFO ] 2021-08-05 00:04:48.382 [main] Log - add_to_wishlist_testTest is starting
[INFO ] 2021-08-05 00:04:48.389 [main] Log - Clicking on home button
[WARN ] 2021-08-05 00:04:48.647 [main] Log - Test is failed
[INFO ] 2021-08-05 00:04:48.930 [main] Log - remove_book_testTest is starting
[INFO ] 2021-08-05 00:04:48.934 [main] Log - Clicking on cart
[WARN ] 2021-08-05 00:04:49.150 [main] Log - Test is failed
[INFO ] 2021-08-05 00:04:49.396 [main] Log - logout_testTest is starting
[INFO ] 2021-08-05 00:04:49.406 [main] Log - Mouse hovering on my account menu
[INFO ] 2021-08-05 00:04:49.722 [main] Log - mouse hovering on logout sub menu
[WARN ] 2021-08-05 00:04:50.012 [main] Log - Test is failed
[INFO ] 2021-08-05 00:04:50.264 [main] Log - login_negative_testTest is starting
[INFO ] 2021-08-05 00:04:50.268 [main] Log - Clicking on login button
[WARN ] 2021-08-05 00:04:50.492 [main] Log - Test is failed
[INFO ] 2021-08-05 00:04:50.708 [main] Log - Sending report on email
[INFO ] 2021-08-05 00:04:56.075 [main] Log - closing the browser after test is completed.
[INFO ] 2021-08-05 00:04:56.954 [main] Log - C:/Users/irg/IdeaProjects/BooksWagon_Project/src/testTest is finished
[INFO ] 2021-08-05 00:06:42.120 [main] Log - Setting up the chrome browser
[INFO ] 2021-08-05 00:06:42.404 [main] Log - launching chrome driver
[INFO ] 2021-08-05 00:06:44.961 [main] Log - Internet is connected
[INFO ] 2021-08-05 00:06:44.961 [main] Log - Navigate to url : https://www.bookswagon.com/ 
[INFO ] 2021-08-05 00:06:49.969 [main] Log - maximizing the browser window
[INFO ] 2021-08-05 00:06:55.131 [main] Log - search_book_testTest is starting
[INFO ] 2021-08-05 00:06:55.192 [main] Log - Clicking on search bar
[INFO ] 2021-08-05 00:06:56.269 [main] Log - sending book name in search bar
[INFO ] 2021-08-05 00:06:58.335 [main] Log - Selecting on book
[INFO ] 2021-08-05 00:07:10.412 [main] Log - Adding book to wishlist
[INFO ] 2021-08-05 00:07:16.856 [main] Log - Checking title actual and expected
[INFO ] 2021-08-05 00:07:17.142 [main] Log - Test is passed
[INFO ] 2021-08-05 00:07:18.942 [main] Log - buy_book_testTest is starting
[INFO ] 2021-08-05 00:07:18.955 [main] Log - Clicking on search bar
[INFO ] 2021-08-05 00:07:20.094 [main] Log - Enter book name
[INFO ] 2021-08-05 00:07:34.226 [main] Log - Clicking on buy now
[INFO ] 2021-08-05 00:07:37.348 [main] Log - Switching to frame
[INFO ] 2021-08-05 00:07:37.914 [main] Log - Adding quantity of books
[INFO ] 2021-08-05 00:07:39.631 [main] Log - clicking on place order
[INFO ] 2021-08-05 00:07:40.317 [main] Log - Switching to parent frame
[INFO ] 2021-08-05 00:07:43.097 [main] Log - Enter address details
[WARN ] 2021-08-05 00:07:53.487 [main] Log - Test is failed
[INFO ] 2021-08-05 00:07:53.721 [main] Log - login_testTest is starting
[INFO ] 2021-08-05 00:07:53.725 [main] Log - Clicking on login button
[WARN ] 2021-08-05 00:07:53.938 [main] Log - Test is failed
[INFO ] 2021-08-05 00:07:54.137 [main] Log - add_to_wishlist_testTest is starting
[INFO ] 2021-08-05 00:07:54.141 [main] Log - Clicking on home button
[WARN ] 2021-08-05 00:07:54.361 [main] Log - Test is failed
[INFO ] 2021-08-05 00:07:54.592 [main] Log - remove_book_testTest is starting
[INFO ] 2021-08-05 00:07:54.598 [main] Log - Clicking on cart
[WARN ] 2021-08-05 00:07:54.805 [main] Log - Test is failed
[INFO ] 2021-08-05 00:07:55.000 [main] Log - logout_testTest is starting
[INFO ] 2021-08-05 00:07:55.007 [main] Log - Mouse hovering on my account menu
[INFO ] 2021-08-05 00:07:55.326 [main] Log - mouse hovering on logout sub menu
[WARN ] 2021-08-05 00:07:55.572 [main] Log - Test is failed
[INFO ] 2021-08-05 00:07:55.761 [main] Log - login_negative_testTest is starting
[INFO ] 2021-08-05 00:07:55.767 [main] Log - Clicking on login button
[WARN ] 2021-08-05 00:07:55.950 [main] Log - Test is failed
[INFO ] 2021-08-05 00:07:56.161 [main] Log - Sending report on email
[INFO ] 2021-08-05 00:08:02.068 [main] Log - closing the browser after test is completed.
[INFO ] 2021-08-05 00:08:02.901 [main] Log - C:/Users/irg/IdeaProjects/BooksWagon_Project/src/testTest is finished
[INFO ] 2021-08-05 10:35:49.994 [main] Log - Setting up the chrome browser
[INFO ] 2021-08-05 10:35:50.896 [main] Log - launching chrome driver
[INFO ] 2021-08-05 10:35:54.416 [main] Log - Internet is connected
[INFO ] 2021-08-05 10:35:54.416 [main] Log - Navigate to url : https://www.bookswagon.com/ 
[INFO ] 2021-08-05 10:35:56.397 [main] Log - maximizing the browser window
[INFO ] 2021-08-05 10:36:01.582 [main] Log - search_book_testTest is starting
[INFO ] 2021-08-05 10:36:01.650 [main] Log - Clicking on search bar
[INFO ] 2021-08-05 10:36:02.738 [main] Log - sending book name in search bar
[INFO ] 2021-08-05 10:36:04.788 [main] Log - Selecting on book
[INFO ] 2021-08-05 10:36:16.094 [main] Log - Adding book to wishlist
[INFO ] 2021-08-05 10:36:21.861 [main] Log - Checking title actual and expected
[INFO ] 2021-08-05 10:36:22.040 [main] Log - Test is passed
[INFO ] 2021-08-05 10:36:22.978 [main] Log - buy_book_testTest is starting
[INFO ] 2021-08-05 10:36:22.983 [main] Log - Clicking on search bar
[INFO ] 2021-08-05 10:36:24.047 [main] Log - Enter book name
[INFO ] 2021-08-05 10:36:36.985 [main] Log - Clicking on buy now
[INFO ] 2021-08-05 10:36:40.069 [main] Log - Switching to frame
[INFO ] 2021-08-05 10:36:40.597 [main] Log - Adding quantity of books
[INFO ] 2021-08-05 10:36:42.274 [main] Log - clicking on place order
[INFO ] 2021-08-05 10:36:42.894 [main] Log - Switching to parent frame
[INFO ] 2021-08-05 10:36:45.161 [main] Log - Enter address details
[WARN ] 2021-08-05 10:36:49.048 [main] Log - Test is failed
[INFO ] 2021-08-05 10:36:49.229 [main] Log - login_testTest is starting
[INFO ] 2021-08-05 10:36:49.244 [main] Log - Clicking on login button
[WARN ] 2021-08-05 10:36:49.416 [main] Log - Test is failed
[INFO ] 2021-08-05 10:36:49.586 [main] Log - add_to_wishlist_testTest is starting
[INFO ] 2021-08-05 10:36:49.602 [main] Log - Clicking on home button
[WARN ] 2021-08-05 10:36:49.786 [main] Log - Test is failed
[INFO ] 2021-08-05 10:36:49.948 [main] Log - remove_book_testTest is starting
[INFO ] 2021-08-05 10:36:49.952 [main] Log - Clicking on cart
[WARN ] 2021-08-05 10:36:50.141 [main] Log - Test is failed
[INFO ] 2021-08-05 10:36:50.306 [main] Log - logout_testTest is starting
[INFO ] 2021-08-05 10:36:50.312 [main] Log - Mouse hovering on my account menu
[INFO ] 2021-08-05 10:36:50.618 [main] Log - mouse hovering on logout sub menu
[WARN ] 2021-08-05 10:36:50.800 [main] Log - Test is failed
[INFO ] 2021-08-05 10:36:50.965 [main] Log - login_negative_testTest is starting
[INFO ] 2021-08-05 10:36:50.968 [main] Log - Clicking on login button
[WARN ] 2021-08-05 10:36:51.152 [main] Log - Test is failed
[INFO ] 2021-08-05 10:36:51.326 [main] Log - Sending report on email
[INFO ] 2021-08-05 10:36:56.654 [main] Log - closing the browser after test is completed.
[INFO ] 2021-08-05 10:36:57.426 [main] Log - C:/Users/irg/IdeaProjects/BooksWagon_Project/src/testTest is finished
[INFO ] 2021-08-05 10:41:02.291 [main] Log - Setting up the chrome browser
[INFO ] 2021-08-05 10:41:02.653 [main] Log - launching chrome driver
[INFO ] 2021-08-05 10:41:04.693 [main] Log - Internet is connected
[INFO ] 2021-08-05 10:41:04.694 [main] Log - Navigate to url : https://www.bookswagon.com/ 
[INFO ] 2021-08-05 10:41:06.714 [main] Log - maximizing the browser window
[INFO ] 2021-08-05 10:41:11.877 [main] Log - search_book_testTest is starting
[INFO ] 2021-08-05 10:41:11.962 [main] Log - Clicking on search bar
[INFO ] 2021-08-05 10:41:13.033 [main] Log - sending book name in search bar
[INFO ] 2021-08-05 10:41:15.092 [main] Log - Selecting on book
[INFO ] 2021-08-05 10:41:26.383 [main] Log - Adding book to wishlist
[INFO ] 2021-08-05 10:41:32.626 [main] Log - Checking title actual and expected
[INFO ] 2021-08-05 10:41:32.827 [main] Log - Test is passed
[INFO ] 2021-08-05 10:41:33.849 [main] Log - buy_book_testTest is starting
[INFO ] 2021-08-05 10:41:33.853 [main] Log - Clicking on search bar
[INFO ] 2021-08-05 10:41:34.923 [main] Log - Enter book name
[INFO ] 2021-08-05 10:41:48.403 [main] Log - Clicking on buy now
[INFO ] 2021-08-05 10:41:51.492 [main] Log - Switching to frame
[INFO ] 2021-08-05 10:41:52.022 [main] Log - Adding quantity of books
[INFO ] 2021-08-05 10:41:53.642 [main] Log - clicking on place order
[INFO ] 2021-08-05 10:41:54.261 [main] Log - Switching to parent frame
[INFO ] 2021-08-05 10:41:56.676 [main] Log - Enter address details
[INFO ] 2021-08-05 10:42:10.206 [main] Log - Logging out after doing all process
[INFO ] 2021-08-05 10:42:13.125 [main] Log - Test is passed
[INFO ] 2021-08-05 10:42:13.280 [main] Log - login_testTest is starting
[INFO ] 2021-08-05 10:42:13.285 [main] Log - Clicking on login button
[INFO ] 2021-08-05 10:42:15.738 [main] Log - sending email credential
[INFO ] 2021-08-05 10:42:17.839 [main] Log - sending password credentials
[INFO ] 2021-08-05 10:42:19.910 [main] Log - Clicking on login button
[INFO ] 2021-08-05 10:42:25.207 [main] Log - Test is passed
[INFO ] 2021-08-05 10:42:25.374 [main] Log - add_to_wishlist_testTest is starting
[INFO ] 2021-08-05 10:42:25.378 [main] Log - Clicking on home button
[INFO ] 2021-08-05 10:42:27.782 [main] Log - Selecting book and clicking
[INFO ] 2021-08-05 10:42:37.713 [main] Log - Added to wishlist
[INFO ] 2021-08-05 10:42:42.752 [main] Log - clicked on cart
[INFO ] 2021-08-05 10:42:45.825 [main] Log - Click on checked box
[INFO ] 2021-08-05 10:42:48.903 [main] Log - Please enter valid credentials
[INFO ] 2021-08-05 10:42:49.180 [main] Log - Test is passed
[INFO ] 2021-08-05 10:42:49.405 [main] Log - remove_book_testTest is starting
[INFO ] 2021-08-05 10:42:49.408 [main] Log - Clicking on cart
[INFO ] 2021-08-05 10:42:50.449 [main] Log - Switching to frame
[INFO ] 2021-08-05 10:42:51.475 [main] Log - removing items from cart
[WARN ] 2021-08-05 10:42:54.807 [main] Log - Test is failed
[INFO ] 2021-08-05 10:42:55.006 [main] Log - logout_testTest is starting
[INFO ] 2021-08-05 10:42:55.013 [main] Log - Mouse hovering on my account menu
[INFO ] 2021-08-05 10:42:55.324 [main] Log - mouse hovering on logout sub menu
[WARN ] 2021-08-05 10:42:55.554 [main] Log - Test is failed
[INFO ] 2021-08-05 10:42:55.743 [main] Log - login_negative_testTest is starting
[INFO ] 2021-08-05 10:42:55.746 [main] Log - Clicking on login button
[WARN ] 2021-08-05 10:42:55.953 [main] Log - Test is failed
[INFO ] 2021-08-05 10:42:56.140 [main] Log - Sending report on email
[INFO ] 2021-08-05 10:43:01.660 [main] Log - closing the browser after test is completed.
[INFO ] 2021-08-05 10:43:02.420 [main] Log - C:/Users/irg/IdeaProjects/BooksWagon_Project/src/testTest is finished
[INFO ] 2021-08-05 10:47:11.967 [Test worker] Log - Setting up the chrome browser
[INFO ] 2021-08-05 10:47:12.316 [Test worker] Log - launching chrome driver
[INFO ] 2021-08-05 10:47:14.567 [Test worker] Log - Internet is connected
[INFO ] 2021-08-05 10:47:14.568 [Test worker] Log - Navigate to url : https://www.bookswagon.com/ 
[INFO ] 2021-08-05 10:47:16.769 [Test worker] Log - maximizing the browser window
[INFO ] 2021-08-05 10:47:21.922 [Test worker] Log - remove_book_testTest is starting
[INFO ] 2021-08-05 10:47:21.982 [Test worker] Log - Clicking on cart
[INFO ] 2021-08-05 10:47:23.082 [Test worker] Log - Switching to frame
[INFO ] 2021-08-05 10:47:24.101 [Test worker] Log - removing items from cart
[WARN ] 2021-08-05 10:47:24.402 [Test worker] Log - Test is failed
[INFO ] 2021-08-05 10:47:24.715 [Test worker] Log - Sending report on email
[INFO ] 2021-08-05 10:47:30.444 [Test worker] Log - closing the browser after test is completed.
[INFO ] 2021-08-05 10:47:31.157 [Test worker] Log - Gradle testTest is finished
[INFO ] 2021-08-05 10:48:00.334 [Test worker] Log - Setting up the chrome browser
[INFO ] 2021-08-05 10:48:00.698 [Test worker] Log - launching chrome driver
[INFO ] 2021-08-05 10:48:03.002 [Test worker] Log - Internet is connected
[INFO ] 2021-08-05 10:48:03.002 [Test worker] Log - Navigate to url : https://www.bookswagon.com/ 
[INFO ] 2021-08-05 10:48:05.809 [Test worker] Log - maximizing the browser window
[INFO ] 2021-08-05 10:48:10.968 [Test worker] Log - remove_book_testTest is starting
[INFO ] 2021-08-05 10:48:11.013 [Test worker] Log - Clicking on login button
[INFO ] 2021-08-05 10:48:13.823 [Test worker] Log - sending email credential
[INFO ] 2021-08-05 10:48:15.936 [Test worker] Log - sending password credentials
[INFO ] 2021-08-05 10:48:18.023 [Test worker] Log - Clicking on login button
[INFO ] 2021-08-05 10:48:23.009 [Test worker] Log - Clicking on cart
[INFO ] 2021-08-05 10:48:24.076 [Test worker] Log - Switching to frame
[INFO ] 2021-08-05 10:48:25.113 [Test worker] Log - removing items from cart
[WARN ] 2021-08-05 10:48:26.524 [Test worker] Log - Test is failed
[INFO ] 2021-08-05 10:48:26.767 [Test worker] Log - Sending report on email
[INFO ] 2021-08-05 10:48:31.590 [Test worker] Log - closing the browser after test is completed.
[INFO ] 2021-08-05 10:48:32.329 [Test worker] Log - Gradle testTest is finished
[INFO ] 2021-08-05 10:49:10.342 [Test worker] Log - Setting up the chrome browser
[INFO ] 2021-08-05 10:49:10.705 [Test worker] Log - launching chrome driver
[INFO ] 2021-08-05 10:49:13.110 [Test worker] Log - Internet is connected
[INFO ] 2021-08-05 10:49:13.110 [Test worker] Log - Navigate to url : https://www.bookswagon.com/ 
[INFO ] 2021-08-05 10:49:15.247 [Test worker] Log - maximizing the browser window
[INFO ] 2021-08-05 10:49:20.406 [Test worker] Log - remove_book_testTest is starting
[INFO ] 2021-08-05 10:49:20.466 [Test worker] Log - Clicking on login button
[INFO ] 2021-08-05 10:49:24.321 [Test worker] Log - sending email credential
[INFO ] 2021-08-05 10:49:26.422 [Test worker] Log - sending password credentials
[INFO ] 2021-08-05 10:49:28.499 [Test worker] Log - Clicking on login button
[INFO ] 2021-08-05 10:49:33.963 [Test worker] Log - Clicking on cart
[INFO ] 2021-08-05 10:49:35.030 [Test worker] Log - Switching to frame
[INFO ] 2021-08-05 10:49:36.053 [Test worker] Log - removing items from cart
[WARN ] 2021-08-05 10:49:36.479 [Test worker] Log - Test is failed
[INFO ] 2021-08-05 10:49:36.756 [Test worker] Log - Sending report on email
[INFO ] 2021-08-05 10:49:41.869 [Test worker] Log - closing the browser after test is completed.
[INFO ] 2021-08-05 10:49:42.610 [Test worker] Log - Gradle testTest is finished
[INFO ] 2021-08-05 10:52:03.550 [Test worker] Log - Setting up the chrome browser
[INFO ] 2021-08-05 10:52:03.970 [Test worker] Log - launching chrome driver
[INFO ] 2021-08-05 10:52:06.047 [Test worker] Log - Internet is connected
[INFO ] 2021-08-05 10:52:06.048 [Test worker] Log - Navigate to url : https://www.bookswagon.com/ 
[INFO ] 2021-08-05 10:52:08.870 [Test worker] Log - maximizing the browser window
[INFO ] 2021-08-05 10:52:14.048 [Test worker] Log - remove_book_testTest is starting
[INFO ] 2021-08-05 10:52:14.103 [Test worker] Log - Clicking on login button
[INFO ] 2021-08-05 10:52:17.655 [Test worker] Log - sending email credential
[INFO ] 2021-08-05 10:52:19.737 [Test worker] Log - sending password credentials
[INFO ] 2021-08-05 10:52:21.835 [Test worker] Log - Clicking on login button
[INFO ] 2021-08-05 10:52:26.771 [Test worker] Log - Clicking on cart
[INFO ] 2021-08-05 10:52:27.845 [Test worker] Log - Switching to frame
[INFO ] 2021-08-05 10:52:28.865 [Test worker] Log - removing items from cart
[WARN ] 2021-08-05 10:53:19.317 [Test worker] Log - Test is failed
[INFO ] 2021-08-05 10:53:19.597 [Test worker] Log - Sending report on email
[INFO ] 2021-08-05 10:53:24.677 [Test worker] Log - closing the browser after test is completed.
[INFO ] 2021-08-05 10:53:25.390 [Test worker] Log - Gradle testTest is finished
[INFO ] 2021-08-05 11:00:26.743 [Test worker] Log - Setting up the chrome browser
[INFO ] 2021-08-05 11:00:27.151 [Test worker] Log - launching chrome driver
[INFO ] 2021-08-05 11:00:29.508 [Test worker] Log - Internet is connected
[INFO ] 2021-08-05 11:00:29.508 [Test worker] Log - Navigate to url : https://www.bookswagon.com/ 
[INFO ] 2021-08-05 11:00:31.808 [Test worker] Log - maximizing the browser window
[INFO ] 2021-08-05 11:00:36.967 [Test worker] Log - remove_book_testTest is starting
[INFO ] 2021-08-05 11:00:37.014 [Test worker] Log - Clicking on login button
[INFO ] 2021-08-05 11:00:39.944 [Test worker] Log - sending email credential
[INFO ] 2021-08-05 11:00:42.043 [Test worker] Log - sending password credentials
[INFO ] 2021-08-05 11:00:44.132 [Test worker] Log - Clicking on login button
[INFO ] 2021-08-05 11:00:48.873 [Test worker] Log - Clicking on cart
[INFO ] 2021-08-05 11:00:49.948 [Test worker] Log - Switching to frame
[INFO ] 2021-08-05 11:00:50.989 [Test worker] Log - removing items from cart
[WARN ] 2021-08-05 11:00:52.328 [Test worker] Log - Test is failed
[INFO ] 2021-08-05 11:00:52.570 [Test worker] Log - Sending report on email
[INFO ] 2021-08-05 11:00:57.444 [Test worker] Log - closing the browser after test is completed.
[INFO ] 2021-08-05 11:00:58.173 [Test worker] Log - Gradle testTest is finished
[INFO ] 2021-08-05 11:02:32.489 [Test worker] Log - Setting up the chrome browser
[INFO ] 2021-08-05 11:02:32.857 [Test worker] Log - launching chrome driver
[INFO ] 2021-08-05 11:02:34.920 [Test worker] Log - Internet is connected
[INFO ] 2021-08-05 11:02:34.920 [Test worker] Log - Navigate to url : https://www.bookswagon.com/ 
[INFO ] 2021-08-05 11:02:36.785 [Test worker] Log - maximizing the browser window
[INFO ] 2021-08-05 11:02:41.947 [Test worker] Log - remove_book_testTest is starting
[INFO ] 2021-08-05 11:02:41.993 [Test worker] Log - Clicking on login button
[INFO ] 2021-08-05 11:02:44.827 [Test worker] Log - sending email credential
[INFO ] 2021-08-05 11:02:46.935 [Test worker] Log - sending password credentials
[INFO ] 2021-08-05 11:02:49.035 [Test worker] Log - Clicking on login button
[INFO ] 2021-08-05 11:02:53.780 [Test worker] Log - Clicking on cart
[INFO ] 2021-08-05 11:02:54.865 [Test worker] Log - Switching to frame
[INFO ] 2021-08-05 11:02:55.889 [Test worker] Log - removing items from cart
[INFO ] 2021-08-05 11:02:56.994 [Test worker] Log - Click on closed box
[WARN ] 2021-08-05 11:02:57.237 [Test worker] Log - Test is failed
[INFO ] 2021-08-05 11:02:57.486 [Test worker] Log - Sending report on email
[INFO ] 2021-08-05 11:03:02.181 [Test worker] Log - closing the browser after test is completed.
[INFO ] 2021-08-05 11:03:02.926 [Test worker] Log - Gradle testTest is finished
[INFO ] 2021-08-05 11:05:23.072 [Test worker] Log - Setting up the chrome browser
[INFO ] 2021-08-05 11:05:23.366 [Test worker] Log - launching chrome driver
[INFO ] 2021-08-05 11:05:25.301 [Test worker] Log - Internet is connected
[INFO ] 2021-08-05 11:05:25.301 [Test worker] Log - Navigate to url : https://www.bookswagon.com/ 
[INFO ] 2021-08-05 11:05:27.283 [Test worker] Log - maximizing the browser window
[INFO ] 2021-08-05 11:05:32.414 [Test worker] Log - remove_book_testTest is starting
[INFO ] 2021-08-05 11:05:32.477 [Test worker] Log - Clicking on login button
[INFO ] 2021-08-05 11:05:35.274 [Test worker] Log - sending email credential
[INFO ] 2021-08-05 11:05:37.350 [Test worker] Log - sending password credentials
[INFO ] 2021-08-05 11:05:39.429 [Test worker] Log - Clicking on login button
[INFO ] 2021-08-05 11:05:44.146 [Test worker] Log - Clicking on cart
[INFO ] 2021-08-05 11:05:45.222 [Test worker] Log - Switching to frame
[INFO ] 2021-08-05 11:05:46.615 [Test worker] Log - removing items from cart
[INFO ] 2021-08-05 11:05:47.703 [Test worker] Log - Click on closed box
[WARN ] 2021-08-05 11:05:47.900 [Test worker] Log - Test is failed
[INFO ] 2021-08-05 11:05:48.140 [Test worker] Log - Sending report on email
[INFO ] 2021-08-05 11:05:53.110 [Test worker] Log - closing the browser after test is completed.
[INFO ] 2021-08-05 11:05:53.842 [Test worker] Log - Gradle testTest is finished
[INFO ] 2021-08-05 11:06:03.787 [Test worker] Log - Setting up the chrome browser
[INFO ] 2021-08-05 11:06:04.069 [Test worker] Log - launching chrome driver
[INFO ] 2021-08-05 11:06:05.975 [Test worker] Log - Internet is connected
[INFO ] 2021-08-05 11:06:05.975 [Test worker] Log - Navigate to url : https://www.bookswagon.com/ 
[INFO ] 2021-08-05 11:06:08.450 [Test worker] Log - maximizing the browser window
[INFO ] 2021-08-05 11:06:13.593 [Test worker] Log - add_to_wishlist_testTest is starting
[INFO ] 2021-08-05 11:06:13.655 [Test worker] Log - Clicking on home button
[INFO ] 2021-08-05 11:06:15.697 [Test worker] Log - Selecting book and clicking
[INFO ] 2021-08-05 11:06:20.479 [Test worker] Log - Added to wishlist
[INFO ] 2021-08-05 11:06:25.362 [Test worker] Log - clicked on cart
[INFO ] 2021-08-05 11:06:28.422 [Test worker] Log - Click on checked box
[INFO ] 2021-08-05 11:06:31.509 [Test worker] Log - Please enter valid credentials
[INFO ] 2021-08-05 11:06:31.710 [Test worker] Log - Test is passed
[INFO ] 2021-08-05 11:06:31.945 [Test worker] Log - Sending report on email
[INFO ] 2021-08-05 11:06:36.639 [Test worker] Log - closing the browser after test is completed.
[INFO ] 2021-08-05 11:06:37.408 [Test worker] Log - Gradle testTest is finished
[INFO ] 2021-08-05 11:07:53.676 [Test worker] Log - Setting up the chrome browser
[INFO ] 2021-08-05 11:07:53.937 [Test worker] Log - launching chrome driver
[INFO ] 2021-08-05 11:07:55.842 [Test worker] Log - Internet is connected
[INFO ] 2021-08-05 11:07:55.842 [Test worker] Log - Navigate to url : https://www.bookswagon.com/ 
[INFO ] 2021-08-05 11:07:58.515 [Test worker] Log - maximizing the browser window
[INFO ] 2021-08-05 11:08:03.661 [Test worker] Log - remove_book_testTest is starting
[INFO ] 2021-08-05 11:08:03.708 [Test worker] Log - Clicking on login button
[INFO ] 2021-08-05 11:08:06.319 [Test worker] Log - sending email credential
[INFO ] 2021-08-05 11:08:08.392 [Test worker] Log - sending password credentials
[INFO ] 2021-08-05 11:08:10.462 [Test worker] Log - Clicking on login button
[INFO ] 2021-08-05 11:08:15.086 [Test worker] Log - Clicking on cart
[INFO ] 2021-08-05 11:08:16.165 [Test worker] Log - Switching to frame
[INFO ] 2021-08-05 11:08:17.271 [Test worker] Log - removing items from cart
[INFO ] 2021-08-05 11:08:18.365 [Test worker] Log - Click on closed box
[INFO ] 2021-08-05 11:08:20.536 [Test worker] Log - Test is passed
[INFO ] 2021-08-05 11:08:20.743 [Test worker] Log - Sending report on email
[INFO ] 2021-08-05 11:08:25.382 [Test worker] Log - closing the browser after test is completed.
[INFO ] 2021-08-05 11:08:26.143 [Test worker] Log - Gradle testTest is finished
[INFO ] 2021-08-05 11:08:46.479 [Test worker] Log - Setting up the chrome browser
[INFO ] 2021-08-05 11:08:46.758 [Test worker] Log - launching chrome driver
[INFO ] 2021-08-05 11:08:48.664 [Test worker] Log - Internet is connected
[INFO ] 2021-08-05 11:08:48.664 [Test worker] Log - Navigate to url : https://www.bookswagon.com/ 
[INFO ] 2021-08-05 11:08:50.534 [Test worker] Log - maximizing the browser window
[INFO ] 2021-08-05 11:08:55.679 [Test worker] Log - remove_book_testTest is starting
[INFO ] 2021-08-05 11:08:55.732 [Test worker] Log - Clicking on login button
[INFO ] 2021-08-05 11:08:58.425 [Test worker] Log - sending email credential
[INFO ] 2021-08-05 11:09:00.496 [Test worker] Log - sending password credentials
[INFO ] 2021-08-05 11:09:02.573 [Test worker] Log - Clicking on login button
[INFO ] 2021-08-05 11:09:07.341 [Test worker] Log - Clicking on cart
[INFO ] 2021-08-05 11:09:08.402 [Test worker] Log - Switching to frame
[INFO ] 2021-08-05 11:09:09.431 [Test worker] Log - removing items from cart
[INFO ] 2021-08-05 11:09:10.533 [Test worker] Log - Click on closed box
[INFO ] 2021-08-05 11:09:13.698 [Test worker] Log - Test is passed
[INFO ] 2021-08-05 11:09:13.887 [Test worker] Log - Sending report on email
[INFO ] 2021-08-05 11:09:18.528 [Test worker] Log - closing the browser after test is completed.
[INFO ] 2021-08-05 11:09:19.255 [Test worker] Log - Gradle testTest is finished
[INFO ] 2021-08-05 11:31:31.702 [Test worker] Log - Setting up the chrome browser
[INFO ] 2021-08-05 11:31:32.521 [Test worker] Log - launching chrome driver
[INFO ] 2021-08-05 11:31:37.511 [Test worker] Log - Internet is connected
[INFO ] 2021-08-05 11:31:37.511 [Test worker] Log - Navigate to url : https://www.bookswagon.com/ 
[INFO ] 2021-08-05 11:31:40.702 [Test worker] Log - maximizing the browser window
[INFO ] 2021-08-05 11:31:45.895 [Test worker] Log - remove_book_testTest is starting
[INFO ] 2021-08-05 11:31:46.009 [Test worker] Log - Clicking on login button
[INFO ] 2021-08-05 11:31:49.337 [Test worker] Log - sending email credential
[INFO ] 2021-08-05 11:31:51.581 [Test worker] Log - sending password credentials
[INFO ] 2021-08-05 11:31:53.748 [Test worker] Log - Clicking on login button
[INFO ] 2021-08-05 11:31:58.966 [Test worker] Log - Clicking on cart
[INFO ] 2021-08-05 11:32:00.156 [Test worker] Log - Switching to frame
[INFO ] 2021-08-05 11:32:01.187 [Test worker] Log - removing items from cart
[INFO ] 2021-08-05 11:32:02.492 [Test worker] Log - Click on closed box
[INFO ] 2021-08-05 11:32:06.097 [Test worker] Log - Test is passed
[INFO ] 2021-08-05 11:32:06.747 [Test worker] Log - Sending report on email
[INFO ] 2021-08-05 11:32:12.486 [Test worker] Log - closing the browser after test is completed.
[INFO ] 2021-08-05 11:32:13.409 [Test worker] Log - Gradle testTest is finished
[INFO ] 2021-08-05 11:32:24.312 [main] Log - Setting up the chrome browser
[INFO ] 2021-08-05 11:32:24.917 [main] Log - launching chrome driver
[INFO ] 2021-08-05 11:32:28.286 [main] Log - Internet is connected
[INFO ] 2021-08-05 11:32:28.286 [main] Log - Navigate to url : https://www.bookswagon.com/ 
[INFO ] 2021-08-05 11:32:31.981 [main] Log - maximizing the browser window
[INFO ] 2021-08-05 11:32:37.233 [main] Log - search_book_testTest is starting
[INFO ] 2021-08-05 11:32:37.470 [main] Log - Clicking on search bar
[INFO ] 2021-08-05 11:32:38.585 [main] Log - sending book name in search bar
[INFO ] 2021-08-05 11:32:40.679 [main] Log - Selecting on book
[INFO ] 2021-08-05 11:32:52.908 [main] Log - Adding book to wishlist
[INFO ] 2021-08-05 11:32:59.328 [main] Log - Checking title actual and expected
[INFO ] 2021-08-05 11:32:59.811 [main] Log - Test is passed
[INFO ] 2021-08-05 11:33:01.967 [main] Log - buy_book_testTest is starting
[INFO ] 2021-08-05 11:33:01.987 [main] Log - Clicking on search bar
[INFO ] 2021-08-05 11:33:03.123 [main] Log - Enter book name
[INFO ] 2021-08-05 11:33:16.992 [main] Log - Clicking on buy now
[INFO ] 2021-08-05 11:33:20.203 [main] Log - Switching to frame
[INFO ] 2021-08-05 11:33:20.761 [main] Log - Adding quantity of books
[INFO ] 2021-08-05 11:33:22.540 [main] Log - clicking on place order
[INFO ] 2021-08-05 11:33:23.320 [main] Log - Switching to parent frame
[INFO ] 2021-08-05 11:33:26.362 [main] Log - Enter address details
[INFO ] 2021-08-05 11:33:41.407 [main] Log - Logging out after doing all process
[INFO ] 2021-08-05 11:33:44.211 [main] Log - Test is passed
[INFO ] 2021-08-05 11:33:44.493 [main] Log - login_testTest is starting
[INFO ] 2021-08-05 11:33:44.493 [main] Log - Clicking on login button
[INFO ] 2021-08-05 11:33:47.257 [main] Log - sending email credential
[INFO ] 2021-08-05 11:33:49.472 [main] Log - sending password credentials
[INFO ] 2021-08-05 11:33:51.688 [main] Log - Clicking on login button
[INFO ] 2021-08-05 11:33:57.429 [main] Log - Test is passed
[INFO ] 2021-08-05 11:33:57.681 [main] Log - add_to_wishlist_testTest is starting
[INFO ] 2021-08-05 11:33:57.687 [main] Log - Clicking on home button
[INFO ] 2021-08-05 11:34:00.667 [main] Log - Selecting book and clicking
[INFO ] 2021-08-05 11:34:06.953 [main] Log - Added to wishlist
[INFO ] 2021-08-05 11:34:12.442 [main] Log - clicked on cart
[INFO ] 2021-08-05 11:34:15.624 [main] Log - Click on checked box
[INFO ] 2021-08-05 11:34:18.817 [main] Log - Please enter valid credentials
[INFO ] 2021-08-05 11:34:19.188 [main] Log - Test is passed
[INFO ] 2021-08-05 11:34:19.618 [main] Log - remove_book_testTest is starting
[INFO ] 2021-08-05 11:34:19.624 [main] Log - Clicking on login button
[WARN ] 2021-08-05 11:34:20.021 [main] Log - Test is failed
[INFO ] 2021-08-05 11:34:20.474 [main] Log - logout_testTest is starting
[INFO ] 2021-08-05 11:34:20.480 [main] Log - Mouse hovering on my account menu
[INFO ] 2021-08-05 11:34:20.804 [main] Log - mouse hovering on logout sub menu
[INFO ] 2021-08-05 11:34:21.161 [main] Log - Clicking on sub menu logout
[INFO ] 2021-08-05 11:34:22.317 [main] Log - you're logout successfully
[INFO ] 2021-08-05 11:34:23.067 [main] Log - Test is passed
[INFO ] 2021-08-05 11:34:23.366 [main] Log - login_negative_testTest is starting
[INFO ] 2021-08-05 11:34:23.370 [main] Log - Clicking on login button
[INFO ] 2021-08-05 11:34:26.220 [main] Log - Entering invalid details
[INFO ] 2021-08-05 11:34:30.615 [main] Log - Clicking on login button
[INFO ] 2021-08-05 11:34:33.799 [main] Log - Navigating to url
[WARN ] 2021-08-05 11:34:37.241 [main] Log - Test is failed
[INFO ] 2021-08-05 11:34:37.531 [main] Log - Sending report on email
[INFO ] 2021-08-05 11:34:42.906 [main] Log - closing the browser after test is completed.
[INFO ] 2021-08-05 11:34:43.963 [main] Log - C:/Users/irg/IdeaProjects/BooksWagon_Project/src/testTest is finished
[INFO ] 2021-08-05 11:37:27.044 [main] Log - Setting up the chrome browser
[INFO ] 2021-08-05 11:37:28.657 [main] Log - launching chrome driver
[INFO ] 2021-08-05 11:37:31.679 [main] Log - Internet is connected
[INFO ] 2021-08-05 11:37:31.681 [main] Log - Navigate to url : https://www.bookswagon.com/ 
[INFO ] 2021-08-05 11:37:34.507 [main] Log - maximizing the browser window
[INFO ] 2021-08-05 11:37:39.727 [main] Log - search_book_testTest is starting
[INFO ] 2021-08-05 11:37:39.884 [main] Log - Clicking on search bar
[INFO ] 2021-08-05 11:37:41.038 [main] Log - sending book name in search bar
[INFO ] 2021-08-05 11:37:43.177 [main] Log - Selecting on book
[INFO ] 2021-08-05 11:37:56.459 [main] Log - Adding book to wishlist
[INFO ] 2021-08-05 11:38:02.574 [main] Log - Checking title actual and expected
[INFO ] 2021-08-05 11:38:03.040 [main] Log - Test is passed
[INFO ] 2021-08-05 11:38:05.230 [main] Log - buy_book_testTest is starting
[INFO ] 2021-08-05 11:38:05.240 [main] Log - Clicking on search bar
[INFO ] 2021-08-05 11:38:06.374 [main] Log - Enter book name
[INFO ] 2021-08-05 11:38:20.229 [main] Log - Clicking on buy now
[INFO ] 2021-08-05 11:38:23.477 [main] Log - Switching to frame
[INFO ] 2021-08-05 11:38:24.044 [main] Log - Adding quantity of books
[INFO ] 2021-08-05 11:38:25.864 [main] Log - clicking on place order
[INFO ] 2021-08-05 11:38:26.729 [main] Log - Switching to parent frame
[INFO ] 2021-08-05 11:38:29.404 [main] Log - Enter address details
[INFO ] 2021-08-05 11:38:45.389 [main] Log - Logging out after doing all process
[INFO ] 2021-08-05 11:38:47.631 [main] Log - Test is passed
[INFO ] 2021-08-05 11:38:48.053 [main] Log - login_testTest is starting
[INFO ] 2021-08-05 11:38:48.070 [main] Log - Clicking on login button
[INFO ] 2021-08-05 11:38:51.213 [main] Log - sending email credential
[INFO ] 2021-08-05 11:38:53.510 [main] Log - sending password credentials
[INFO ] 2021-08-05 11:38:55.677 [main] Log - Clicking on login button
[INFO ] 2021-08-05 11:39:01.909 [main] Log - Test is passed
[INFO ] 2021-08-05 11:39:02.173 [main] Log - add_to_wishlist_testTest is starting
[INFO ] 2021-08-05 11:39:02.180 [main] Log - Clicking on home button
[INFO ] 2021-08-05 11:39:04.889 [main] Log - Selecting book and clicking
[INFO ] 2021-08-05 11:39:10.924 [main] Log - Added to wishlist
[INFO ] 2021-08-05 11:39:17.363 [main] Log - clicked on cart
[INFO ] 2021-08-05 11:39:20.593 [main] Log - Click on checked box
[INFO ] 2021-08-05 11:39:23.776 [main] Log - Please enter valid credentials
[INFO ] 2021-08-05 11:39:24.209 [main] Log - Test is passed
[INFO ] 2021-08-05 11:39:24.627 [main] Log - remove_book_testTest is starting
[INFO ] 2021-08-05 11:39:24.633 [main] Log - Clicking on cart
[INFO ] 2021-08-05 11:39:25.709 [main] Log - Switching to frame
[INFO ] 2021-08-05 11:39:26.843 [main] Log - removing items from cart
[INFO ] 2021-08-05 11:39:28.155 [main] Log - Click on closed box
[INFO ] 2021-08-05 11:39:31.693 [main] Log - Test is passed
[INFO ] 2021-08-05 11:39:32.078 [main] Log - logout_testTest is starting
[INFO ] 2021-08-05 11:39:32.093 [main] Log - Mouse hovering on my account menu
[INFO ] 2021-08-05 11:39:32.411 [main] Log - mouse hovering on logout sub menu
[INFO ] 2021-08-05 11:39:32.788 [main] Log - Clicking on sub menu logout
[INFO ] 2021-08-05 11:39:33.927 [main] Log - you're logout successfully
[INFO ] 2021-08-05 11:39:34.795 [main] Log - Test is passed
[INFO ] 2021-08-05 11:39:35.113 [main] Log - login_negative_testTest is starting
[INFO ] 2021-08-05 11:39:35.115 [main] Log - Clicking on login button
[INFO ] 2021-08-05 11:39:38.052 [main] Log - Entering invalid details
[INFO ] 2021-08-05 11:39:42.393 [main] Log - Clicking on login button
[INFO ] 2021-08-05 11:39:45.627 [main] Log - Navigating to url
[INFO ] 2021-08-05 11:39:48.775 [main] Log - Please enter valid credentials
[INFO ] 2021-08-05 11:39:49.216 [main] Log - Test is passed
[INFO ] 2021-08-05 11:39:49.723 [main] Log - Sending report on email
[INFO ] 2021-08-05 11:39:55.473 [main] Log - closing the browser after test is completed.
[INFO ] 2021-08-05 11:39:56.449 [main] Log - C:/Users/irg/IdeaProjects/BooksWagon_Project/src/testTest is finished
